Traceback (most recent call last):
  File "kivy\properties.pyx", line 961, in kivy.properties.ObservableDict.__getattr__
KeyError: 'avatar'

During handling of the above exception, another exception occurred:

Traceback (most recent call last):
  File "./main.py", line 34, in <module>
    BaseApp().run()
  File "c:\Users\CrispoGio\gioelecrispo\ktaboo\venv\lib\site-packages\kivy\app.py", line 955, in run
    runTouchApp()
  File "c:\Users\CrispoGio\gioelecrispo\ktaboo\venv\lib\site-packages\kivy\base.py", line 570, in runTouchApp
    EventLoop.mainloop()
  File "c:\Users\CrispoGio\gioelecrispo\ktaboo\venv\lib\site-packages\kivy\base.py", line 335, in mainloop
    self.idle()
  File "c:\Users\CrispoGio\gioelecrispo\ktaboo\venv\lib\site-packages\kivy\base.py", line 375, in idle
    Clock.tick()
  File "c:\Users\CrispoGio\gioelecrispo\ktaboo\venv\lib\site-packages\kivy\clock.py", line 733, in tick
    self.post_idle(ts, self.idle())
  File "c:\Users\CrispoGio\gioelecrispo\ktaboo\venv\lib\site-packages\kivy\clock.py", line 776, in post_idle
    self._process_events()
  File "kivy\_clock.pyx", line 616, in kivy._clock.CyClockBase._process_events
  File "kivy\_clock.pyx", line 649, in kivy._clock.CyClockBase._process_events
  File "kivy\_clock.pyx", line 645, in kivy._clock.CyClockBase._process_events
  File "kivy\_clock.pyx", line 218, in kivy._clock.ClockEvent.tick
  File ".\uix\pages\root.py", line 51, in add_screens
    screen_object = screen_details["object"]() #eval(screen_details["object"])  # calling it
  File "c:\Users\CrispoGio\gioelecrispo\ktaboo\venv\lib\site-packages\kivy\uix\relativelayout.py", line 274, in __init__
    super(RelativeLayout, self).__init__(**kw)
  File "c:\Users\CrispoGio\gioelecrispo\ktaboo\venv\lib\site-packages\kivy\uix\floatlayout.py", line 65, in __init__
    super(FloatLayout, self).__init__(**kwargs)
  File "c:\Users\CrispoGio\gioelecrispo\ktaboo\venv\lib\site-packages\kivy\uix\layout.py", line 76, in __init__
    super(Layout, self).__init__(**kwargs)
  File "c:\Users\CrispoGio\gioelecrispo\ktaboo\venv\lib\site-packages\kivymd\uix\behaviors\backgroundcolor_behavior.py", line 220, in __init__
    super().__init__(**kwargs)
  File "c:\Users\CrispoGio\gioelecrispo\ktaboo\venv\lib\site-packages\kivymd\uix\behaviors\backgroundcolor_behavior.py", line 178, in __init__
    super().__init__(**kwarg)
  File "c:\Users\CrispoGio\gioelecrispo\ktaboo\venv\lib\site-packages\kivymd\uix\behaviors\elevation.py", line 847, in __init__
    super().__init__(**kwargs)
  File "c:\Users\CrispoGio\gioelecrispo\ktaboo\venv\lib\site-packages\kivy\uix\widget.py", line 361, in __init__
    rule_children=rule_children)
  File "c:\Users\CrispoGio\gioelecrispo\ktaboo\venv\lib\site-packages\kivy\uix\widget.py", line 465, in apply_class_lang_rules
    rule_children=rule_children)
  File "c:\Users\CrispoGio\gioelecrispo\ktaboo\venv\lib\site-packages\kivy\lang\builder.py", line 543, in apply
    rule_children=rule_children)
  File "c:\Users\CrispoGio\gioelecrispo\ktaboo\venv\lib\site-packages\kivy\lang\builder.py", line 664, in _apply_rule
    child, crule, rootrule, rule_children=rule_children)
  File "c:\Users\CrispoGio\gioelecrispo\ktaboo\venv\lib\site-packages\kivy\lang\builder.py", line 660, in _apply_rule
    widget.add_widget(child)
  File "c:\Users\CrispoGio\gioelecrispo\ktaboo\venv\lib\site-packages\kivy\uix\boxlayout.py", line 327, in add_widget
    return super(BoxLayout, self).add_widget(widget, *args, **kwargs)
  File "c:\Users\CrispoGio\gioelecrispo\ktaboo\venv\lib\site-packages\kivy\uix\layout.py", line 97, in add_widget
    super(Layout, self).add_widget(widget, *args, **kwargs)
  File "c:\Users\CrispoGio\gioelecrispo\ktaboo\venv\lib\site-packages\kivy\uix\widget.py", line 620, in add_widget
    widget.parent = parent = self
  File "kivy\properties.pyx", line 520, in kivy.properties.Property.__set__
  File "kivy\properties.pyx", line 567, in kivy.properties.Property.set
  File "kivy\properties.pyx", line 606, in kivy.properties.Property._dispatch
  File "kivy\_event.pyx", line 1307, in kivy._event.EventObservers.dispatch
  File "kivy\_event.pyx", line 1213, in kivy._event.EventObservers._dispatch
  File ".\uix\components\page.py", line 15, in on_parent
    self.remove_widget(self.ids.avatar)
  File "kivy\properties.pyx", line 964, in kivy.properties.ObservableDict.__getattr__
AttributeError: 'super' object has no attribute '__getattr__'
